<?xml version="1.0" encoding="UTF-8"?>
<!-- Generated by org.testng.reporters.JUnitReportReporter -->
<testsuite skipped="1" hostname="LAPTOP-I1MIK5QD" name="com.usa.Runner.LoginTest" tests="1" failures="0" timestamp="20 Jun 2020 18:23:41 GMT" time="0.000" errors="0">
  <testcase name="feature" time="0.000" classname="com.usa.Runner.LoginTest">
    <skipped/>
  </testcase> <!-- feature -->
</testsuite> <!-- com.usa.Runner.LoginTest -->
